use_gpu True
gpu id: 2
classifier model: CifarResNeXt
classifier type: advtr
defense: None
attack: CW with linf_eps=65 & iter=100

  0%|          | 0/100 [00:00<?, ?audios/s]Adversarial attack stage 1 for x_1 was not successful
Adversarial attack stage 1 for x_2 was not successful
Adversarial attack stage 1 for x_4 was not successful
Adversarial attack stage 1 for x_5 was not successful
Adversarial attack stage 1 for x_11 was not successful
Adversarial attack stage 1 for x_12 was not successful
Adversarial attack stage 1 for x_19 was not successful
Adversarial attack stage 1 for x_32 was not successful
Adversarial attack stage 1 for x_35 was not successful
Adversarial attack stage 1 for x_36 was not successful
  0%|          | 0/100 [00:13<?, ?audios/s, orig clean acc: =100.0000%, denoised clean acc: =100.0000%, CW robust acc: =20.0000%, ImpAtk success rate: =0.0000%] 50%|█████     | 50/100 [00:13<00:13,  3.73audios/s, orig clean acc: =100.0000%, denoised clean acc: =100.0000%, CW robust acc: =20.0000%, ImpAtk success rate: =0.0000%]Adversarial attack stage 1 for x_1 was not successful
Adversarial attack stage 1 for x_3 was not successful
Adversarial attack stage 1 for x_5 was not successful
Adversarial attack stage 1 for x_12 was not successful
Adversarial attack stage 1 for x_13 was not successful
Adversarial attack stage 1 for x_15 was not successful
Adversarial attack stage 1 for x_23 was not successful
Adversarial attack stage 1 for x_25 was not successful
Adversarial attack stage 1 for x_31 was not successful
Adversarial attack stage 1 for x_36 was not successful
Adversarial attack stage 1 for x_43 was not successful
100%|██████████| 100/100 [00:24<00:00,  3.73audios/s, orig clean acc: =100.0000%, denoised clean acc: =100.0000%, CW robust acc: =21.0000%, ImpAtk success rate: =0.0000%]150audios [00:24,  6.58audios/s, orig clean acc: =100.0000%, denoised clean acc: =100.0000%, CW robust acc: =21.0000%, ImpAtk success rate: =0.0000%]                     100%|██████████| 100/100 [00:24<00:00,  4.06audios/s, orig clean acc: =100.0000%, denoised clean acc: =100.0000%, CW robust acc: =21.0000%, ImpAtk success rate: =0.0000%]
on 100 test examples: 
original clean test accuracy: 100.0000%
denoised clean test accuracy: 100.0000%
CW robust test accuracy: 21.0000%
Imperceptible attack success rate: 0.0000%
