use_gpu True
gpu id: 2
classifier model: CifarResNeXt
classifier type: advtr
defense: None
attack: CW with linf_eps=65 & iter=50

  0%|          | 0/100 [00:00<?, ?audios/s]Adversarial attack stage 1 for x_1 was not successful
Adversarial attack stage 1 for x_2 was not successful
Adversarial attack stage 1 for x_4 was not successful
Adversarial attack stage 1 for x_5 was not successful
Adversarial attack stage 1 for x_11 was not successful
Adversarial attack stage 1 for x_12 was not successful
Adversarial attack stage 1 for x_14 was not successful
Adversarial attack stage 1 for x_19 was not successful
Adversarial attack stage 1 for x_32 was not successful
Adversarial attack stage 1 for x_35 was not successful
Adversarial attack stage 1 for x_36 was not successful
Adversarial attack stage 1 for x_43 was not successful
  0%|          | 0/100 [00:07<?, ?audios/s, orig clean acc: =100.0000%, denoised clean acc: =100.0000%, CW robust acc: =24.0000%, ImpAtk success rate: =0.0000%] 50%|█████     | 50/100 [00:07<00:07,  6.27audios/s, orig clean acc: =100.0000%, denoised clean acc: =100.0000%, CW robust acc: =24.0000%, ImpAtk success rate: =0.0000%]Adversarial attack stage 1 for x_1 was not successful
Adversarial attack stage 1 for x_3 was not successful
Adversarial attack stage 1 for x_5 was not successful
Adversarial attack stage 1 for x_12 was not successful
Adversarial attack stage 1 for x_13 was not successful
Adversarial attack stage 1 for x_15 was not successful
Adversarial attack stage 1 for x_23 was not successful
Adversarial attack stage 1 for x_25 was not successful
Adversarial attack stage 1 for x_31 was not successful
Adversarial attack stage 1 for x_36 was not successful
Adversarial attack stage 1 for x_43 was not successful
100%|██████████| 100/100 [00:13<00:00,  6.27audios/s, orig clean acc: =100.0000%, denoised clean acc: =100.0000%, CW robust acc: =23.0000%, ImpAtk success rate: =0.0000%]150audios [00:13, 12.06audios/s, orig clean acc: =100.0000%, denoised clean acc: =100.0000%, CW robust acc: =23.0000%, ImpAtk success rate: =0.0000%]                     100%|██████████| 100/100 [00:13<00:00,  7.32audios/s, orig clean acc: =100.0000%, denoised clean acc: =100.0000%, CW robust acc: =23.0000%, ImpAtk success rate: =0.0000%]
on 100 test examples: 
original clean test accuracy: 100.0000%
denoised clean test accuracy: 100.0000%
CW robust test accuracy: 23.0000%
Imperceptible attack success rate: 0.0000%
