use_gpu True
gpu id: 3
model_config: configs/config.json
t: 5, rand_t: False, t_delta: 15
use_bm: False
classifier model: M5
classifier type: vanilla
defense: RevDiffWave with t=5
attack: CW with linf_eps=65 & iter=100 & eot=1-1

  0%|          | 0/100 [00:00<?, ?audios/s]Adversarial attack stage 1 for x_2 was not successful
Adversarial attack stage 1 for x_4 was not successful
Adversarial attack stage 1 for x_5 was not successful
Adversarial attack stage 1 for x_8 was not successful
Adversarial attack stage 1 for x_11 was not successful
Adversarial attack stage 1 for x_12 was not successful
Adversarial attack stage 1 for x_13 was not successful
Adversarial attack stage 1 for x_14 was not successful
Adversarial attack stage 1 for x_15 was not successful
Adversarial attack stage 1 for x_17 was not successful
Adversarial attack stage 1 for x_18 was not successful
Adversarial attack stage 1 for x_19 was not successful
  0%|          | 0/100 [15:52<?, ?audios/s, orig clean acc: =95.0000%, denoised clean acc: =90.0000%, CW robust acc: =60.0000%] 20%|██        | 20/100 [15:52<1:03:29, 47.61s/audios, orig clean acc: =95.0000%, denoised clean acc: =90.0000%, CW robust acc: =60.0000%]Adversarial attack stage 1 for x_0 was not successful
Adversarial attack stage 1 for x_1 was not successful
Adversarial attack stage 1 for x_2 was not successful
Adversarial attack stage 1 for x_3 was not successful
Adversarial attack stage 1 for x_4 was not successful
Adversarial attack stage 1 for x_5 was not successful
Adversarial attack stage 1 for x_6 was not successful
Adversarial attack stage 1 for x_10 was not successful
Adversarial attack stage 1 for x_12 was not successful
Adversarial attack stage 1 for x_14 was not successful
Adversarial attack stage 1 for x_15 was not successful
Adversarial attack stage 1 for x_19 was not successful
 40%|████      | 40/100 [31:43<47:36, 47.61s/audios, orig clean acc: =95.0000%, denoised clean acc: =85.0000%, CW robust acc: =60.0000%]   60%|██████    | 60/100 [31:43<19:58, 29.96s/audios, orig clean acc: =95.0000%, denoised clean acc: =85.0000%, CW robust acc: =60.0000%]Adversarial attack stage 1 for x_0 was not successful
Adversarial attack stage 1 for x_1 was not successful
Adversarial attack stage 1 for x_2 was not successful
Adversarial attack stage 1 for x_4 was not successful
Adversarial attack stage 1 for x_5 was not successful
Adversarial attack stage 1 for x_6 was not successful
Adversarial attack stage 1 for x_7 was not successful
Adversarial attack stage 1 for x_8 was not successful
Adversarial attack stage 1 for x_10 was not successful
Adversarial attack stage 1 for x_11 was not successful
Adversarial attack stage 1 for x_12 was not successful
Adversarial attack stage 1 for x_13 was not successful
Adversarial attack stage 1 for x_14 was not successful
Adversarial attack stage 1 for x_15 was not successful
Adversarial attack stage 1 for x_16 was not successful
Adversarial attack stage 1 for x_18 was not successful
 80%|████████  | 80/100 [47:34<09:59, 29.96s/audios, orig clean acc: =95.0000%, denoised clean acc: =88.3333%, CW robust acc: =66.6667%]100%|██████████| 100/100 [47:34<00:00, 26.78s/audios, orig clean acc: =95.0000%, denoised clean acc: =88.3333%, CW robust acc: =66.6667%]Adversarial attack stage 1 for x_1 was not successful
Adversarial attack stage 1 for x_2 was not successful
Adversarial attack stage 1 for x_3 was not successful
Adversarial attack stage 1 for x_5 was not successful
Adversarial attack stage 1 for x_7 was not successful
Adversarial attack stage 1 for x_10 was not successful
Adversarial attack stage 1 for x_11 was not successful
Adversarial attack stage 1 for x_12 was not successful
Adversarial attack stage 1 for x_13 was not successful
Adversarial attack stage 1 for x_15 was not successful
Adversarial attack stage 1 for x_16 was not successful
Adversarial attack stage 1 for x_18 was not successful
Adversarial attack stage 1 for x_19 was not successful
100%|██████████| 100/100 [1:03:25<00:00, 26.78s/audios, orig clean acc: =95.0000%, denoised clean acc: =86.2500%, CW robust acc: =66.2500%]120audios [1:03:25, 32.36s/audios, orig clean acc: =95.0000%, denoised clean acc: =86.2500%, CW robust acc: =66.2500%]                     Adversarial attack stage 1 for x_1 was not successful
Adversarial attack stage 1 for x_3 was not successful
Adversarial attack stage 1 for x_4 was not successful
Adversarial attack stage 1 for x_5 was not successful
Adversarial attack stage 1 for x_6 was not successful
Adversarial attack stage 1 for x_7 was not successful
Adversarial attack stage 1 for x_10 was not successful
Adversarial attack stage 1 for x_11 was not successful
Adversarial attack stage 1 for x_13 was not successful
Adversarial attack stage 1 for x_14 was not successful
Adversarial attack stage 1 for x_15 was not successful
140audios [1:19:16, 32.36s/audios, orig clean acc: =94.0000%, denoised clean acc: =84.0000%, CW robust acc: =64.0000%]160audios [1:19:16, 28.63s/audios, orig clean acc: =94.0000%, denoised clean acc: =84.0000%, CW robust acc: =64.0000%]100%|██████████| 100/100 [1:19:16<00:00, 47.57s/audios, orig clean acc: =94.0000%, denoised clean acc: =84.0000%, CW robust acc: =64.0000%]
on 100 test examples: 
original clean test accuracy: 94.0000%
denoised clean test accuracy: 84.0000%
CW robust test accuracy: 64.0000%
