use_gpu True
gpu id: 0
classifier model: VGG
classifier type: vanilla
defense: None
attack: CW with linf_eps=65 & iter=10 & eot=1-1

  0%|          | 0/100 [00:00<?, ?audios/s]Adversarial attack stage 1 for x_4 was not successful
Adversarial attack stage 1 for x_5 was not successful
Adversarial attack stage 1 for x_35 was not successful
Adversarial attack stage 1 for x_44 was not successful
  0%|          | 0/100 [00:01<?, ?audios/s, orig clean acc: =100.0000%, denoised clean acc: =100.0000%, CW robust acc: =8.0000%] 50%|█████     | 50/100 [00:01<00:01, 30.10audios/s, orig clean acc: =100.0000%, denoised clean acc: =100.0000%, CW robust acc: =8.0000%]Adversarial attack stage 1 for x_5 was not successful
Adversarial attack stage 1 for x_13 was not successful
Adversarial attack stage 1 for x_21 was not successful
Adversarial attack stage 1 for x_22 was not successful
Adversarial attack stage 1 for x_25 was not successful
100%|██████████| 100/100 [00:01<00:00, 30.10audios/s, orig clean acc: =100.0000%, denoised clean acc: =100.0000%, CW robust acc: =9.0000%]150audios [00:01, 99.01audios/s, orig clean acc: =100.0000%, denoised clean acc: =100.0000%, CW robust acc: =9.0000%]                     100%|██████████| 100/100 [00:01<00:00, 51.54audios/s, orig clean acc: =100.0000%, denoised clean acc: =100.0000%, CW robust acc: =9.0000%]
on 100 test examples: 
original clean test accuracy: 100.0000%
denoised clean test accuracy: 100.0000%
CW robust test accuracy: 9.0000%
