use_gpu True
gpu id: 0
model_config: configs/config.json
t: 5, rand_t: False, t_delta: 15
use_bm: False
classifier model: DenseNet
classifier type: vanilla
defense: RevDiffWave with t=5
attack: CW with linf_eps=65 & iter=100 & eot=1-1

  0%|          | 0/100 [00:00<?, ?audios/s]Adversarial attack stage 1 for x_0 was not successful
Adversarial attack stage 1 for x_1 was not successful
Adversarial attack stage 1 for x_2 was not successful
Adversarial attack stage 1 for x_3 was not successful
Adversarial attack stage 1 for x_4 was not successful
Adversarial attack stage 1 for x_5 was not successful
Adversarial attack stage 1 for x_6 was not successful
Adversarial attack stage 1 for x_8 was not successful
Adversarial attack stage 1 for x_9 was not successful
Adversarial attack stage 1 for x_10 was not successful
Adversarial attack stage 1 for x_12 was not successful
Adversarial attack stage 1 for x_13 was not successful
Adversarial attack stage 1 for x_14 was not successful
Adversarial attack stage 1 for x_15 was not successful
Adversarial attack stage 1 for x_17 was not successful
Adversarial attack stage 1 for x_18 was not successful
Adversarial attack stage 1 for x_19 was not successful
  0%|          | 0/100 [48:17<?, ?audios/s, orig clean acc: =100.0000%, denoised clean acc: =100.0000%, CW robust acc: =85.0000%] 20%|██        | 20/100 [48:17<3:13:11, 144.89s/audios, orig clean acc: =100.0000%, denoised clean acc: =100.0000%, CW robust acc: =85.0000%]Adversarial attack stage 1 for x_1 was not successful
Adversarial attack stage 1 for x_2 was not successful
Adversarial attack stage 1 for x_4 was not successful
Adversarial attack stage 1 for x_6 was not successful
Adversarial attack stage 1 for x_9 was not successful
Adversarial attack stage 1 for x_10 was not successful
Adversarial attack stage 1 for x_12 was not successful
Adversarial attack stage 1 for x_13 was not successful
Adversarial attack stage 1 for x_15 was not successful
Adversarial attack stage 1 for x_16 was not successful
Adversarial attack stage 1 for x_18 was not successful
Adversarial attack stage 1 for x_19 was not successful
 40%|████      | 40/100 [1:37:19<2:24:53, 144.89s/audios, orig clean acc: =100.0000%, denoised clean acc: =97.5000%, CW robust acc: =72.5000%] 60%|██████    | 60/100 [1:37:19<1:01:21, 92.04s/audios, orig clean acc: =100.0000%, denoised clean acc: =97.5000%, CW robust acc: =72.5000%] Adversarial attack stage 1 for x_0 was not successful
Adversarial attack stage 1 for x_1 was not successful
Adversarial attack stage 1 for x_2 was not successful
Adversarial attack stage 1 for x_3 was not successful
Adversarial attack stage 1 for x_4 was not successful
Adversarial attack stage 1 for x_5 was not successful
Adversarial attack stage 1 for x_6 was not successful
Adversarial attack stage 1 for x_7 was not successful
Adversarial attack stage 1 for x_8 was not successful
Adversarial attack stage 1 for x_10 was not successful
Adversarial attack stage 1 for x_11 was not successful
Adversarial attack stage 1 for x_12 was not successful
Adversarial attack stage 1 for x_13 was not successful
Adversarial attack stage 1 for x_14 was not successful
Adversarial attack stage 1 for x_15 was not successful
Adversarial attack stage 1 for x_16 was not successful
Adversarial attack stage 1 for x_17 was not successful
 80%|████████  | 80/100 [2:26:21<30:40, 92.04s/audios, orig clean acc: =100.0000%, denoised clean acc: =98.3333%, CW robust acc: =76.6667%]  100%|██████████| 100/100 [2:26:21<00:00, 82.53s/audios, orig clean acc: =100.0000%, denoised clean acc: =98.3333%, CW robust acc: =76.6667%]Adversarial attack stage 1 for x_1 was not successful
Adversarial attack stage 1 for x_2 was not successful
Adversarial attack stage 1 for x_3 was not successful
Adversarial attack stage 1 for x_5 was not successful
Adversarial attack stage 1 for x_10 was not successful
Adversarial attack stage 1 for x_11 was not successful
Adversarial attack stage 1 for x_12 was not successful
Adversarial attack stage 1 for x_13 was not successful
Adversarial attack stage 1 for x_15 was not successful
Adversarial attack stage 1 for x_16 was not successful
Adversarial attack stage 1 for x_18 was not successful
Adversarial attack stage 1 for x_19 was not successful
100%|██████████| 100/100 [3:15:24<00:00, 82.53s/audios, orig clean acc: =100.0000%, denoised clean acc: =97.5000%, CW robust acc: =72.5000%]120audios [3:15:24, 99.88s/audios, orig clean acc: =100.0000%, denoised clean acc: =97.5000%, CW robust acc: =72.5000%]                     